<?xml version="1.0" encoding="UTF-8"?>
<!-- Generated by org.testng.reporters.JUnitReportReporter -->
<testsuite hostname="LAPTOP-1OANJP9N" failures="0" tests="1" name="test.e2e.ItsDirectionTest1" time="4.565" errors="0" timestamp="10 Nov 2020 04:03:53 GMT" skipped="0">
  <testcase classname="test.e2e.ItsDirectionTest1" name="TestCase_001_ItsDirections" time="4.565"/>
</testsuite> <!-- test.e2e.ItsDirectionTest1 -->
